<?xml version="1.0" encoding="utf-8"?><testsuites name="pytest tests"><testsuite name="pytest" errors="0" failures="0" skipped="0" tests="15" time="3.068" timestamp="2026-05-15T15:30:54.678613+00:00" hostname="agent-env-61636018-b8ae-473c-acf9-76aac577b1c6"><testcase classname="backend.tests.test_modules.TestModules" name="test_list_modules" time="0.359" /><testcase classname="backend.tests.test_modules.TestModules" name="test_schema[fur-62]" time="0.077" /><testcase classname="backend.tests.test_modules.TestModules" name="test_schema[ser-13]" time="0.086" /><testcase classname="backend.tests.test_modules.TestModules" name="test_schema[frg-63]" time="0.075" /><testcase classname="backend.tests.test_modules.TestModules" name="test_schema_404" time="0.057" /><testcase classname="backend.tests.test_modules.TestValidation" name="test_partial_data_422" time="0.058" /><testcase classname="backend.tests.test_modules.TestValidation" name="test_tipo_servicio_not_numeric_rejected" time="0.056" /><testcase classname="backend.tests.test_modules.TestValidation" name="test_tipo_servicio_invalid_option_rejected" time="0.054" /><testcase classname="backend.tests.test_modules.TestValidation" name="test_date_format_validation" time="0.092" /><testcase classname="backend.tests.test_modules.TestSerCRUD" name="test_create_ser" time="0.079" /><testcase classname="backend.tests.test_modules.TestSerCRUD" name="test_list_ser" time="0.057" /><testcase classname="backend.tests.test_modules.TestSerCRUD" name="test_get_ser" time="0.061" /><testcase classname="backend.tests.test_modules.TestSerCRUD" name="test_delete_ser" time="0.129" /><testcase classname="backend.tests.test_modules.TestDownload" name="test_download_ser_xlsx" time="0.239" /><testcase classname="backend.tests.test_modules.TestDownload" name="test_download_partial_fails" time="0.078" /></testsuite></testsuites>